
{
	gl.supports_vertex_array_object: true
	cocos2d.x.version: cocos2d-x-3.8
	gl.vendor: Intel Inc.
	gl.supports_PVRTC: false
	gl.renderer: Intel(R) Iris(TM) Graphics 6100
	cocos2d.x.compiled_with_profiler: false
	gl.max_texture_size: 16384
	gl.supports_ETC1: false
	gl.supports_BGRA8888: false
	cocos2d.x.build_type: RELEASE
	gl.supports_discard_framebuffer: false
	gl.supports_NPOT: true
	gl.supports_S3TC: true
	gl.version: 2.1 INTEL-10.14.73
	gl.supports_ATITC: false
	gl.max_texture_units: 16
	cocos2d.x.compiled_with_gl_state_cache: true
}


------------------------------------------------
LOAD LUA FILE: /Users/katichar/Tools/Cocos/v3_8quick/quick/samples/sprite3d/src/main.lua
------------------------------------------------
